<?xml version="1.0" encoding="UTF-8"?>
<!-- Generated by org.testng.reporters.JUnitReportReporter -->
<testsuite hostname="aravind-3905" failures="0" tests="6" name="com.saucedemo.TestLoginPositive" time="31.916" errors="0" timestamp="12 Jun 2021 14:30:34 GMT" skipped="0">
  <testcase classname="com.saucedemo.TestLoginPositive" name="addMultipleProducts" time="8.931"/>
  <testcase classname="com.saucedemo.TestLoginPositive" name="addOneProductToCart" time="6.584"/>
  <testcase classname="com.saucedemo.TestLoginPositive" name="performanceUserTest" time="7.025"/>
  <testcase classname="com.saucedemo.TestLoginPositive" name="postiveLoginTest" time="2.037"/>
  <testcase classname="com.saucedemo.TestLoginPositive" name="lockedOutUserTest" time="2.263"/>
  <testcase classname="com.saucedemo.TestLoginPositive" name="problemUserTest" time="5.076"/>
</testsuite> <!-- com.saucedemo.TestLoginPositive -->
