<?xml version="1.0" encoding="UTF-8"?>
<!-- Generated by org.testng.reporters.JUnitReportReporter -->
<testsuite hostname="prabu" failures="0" tests="1" name="com.saucedemo.NewTest" time="0.006" errors="0" timestamp="12 Jun 2021 11:06:44 GMT" skipped="0">
  <testcase classname="com.saucedemo.NewTest" name="f" time="0.006"/>
</testsuite> <!-- com.saucedemo.NewTest -->
